[2026-03-24 14:15:29] [INFO   ] === backup-check.sh v1.0.0 - Inicio ===
[ ] [       ] 
[2026-03-24 14:15:30] [INFO   ] Directorio objetivo: /home/usuario1linux/backup-prueba
[ ] [       ] 
[2026-03-24 14:15:30] [INFO   ] Verificando directorio: /home/usuario1linux/backup-prueba
[ ] [       ] 
[2026-03-24 14:15:30] [OK     ] Directorio accesible: /home/usuario1linux/backup-prueba
[ ] [       ] 
[2026-03-24 14:17:29] [INFO   ] === backup-check.sh v1.0.0 - Inicio ===
[ ] [       ] 
[2026-03-24 14:17:29] [INFO   ] Directorio objetivo: /home/usuario1linux/backup-prueba
[ ] [       ] 
[2026-03-24 14:17:29] [INFO   ] Verificando directorio: /home/usuario1linux/backup-prueba
[ ] [       ] 
[2026-03-24 14:17:29] [OK     ] Directorio accesible: /home/usuario1linux/backup-prueba
[ ] [       ] 
[2026-03-24 14:29:27] [INFO   ] === backup-check.sh v1.0.0 - Inicio ===
[ ] [       ] 
[2026-03-24 14:29:27] [INFO   ] Directorio objetivo: /home/usuario1linux/backup-prueba
[ ] [       ] 
[2026-03-24 14:29:27] [INFO   ] Verificando directorio: /home/usuario1linux/backup-prueba
[ ] [       ] 
[2026-03-24 14:29:27] [OK     ] Directorio accesible: /home/usuario1linux/backup-prueba
[ ] [       ] 
[2026-03-24 14:29:27] [INFO   ] Buscando archivos de backup (*. tar . gz )...
[ ] [       ] 
[2026-03-24 14:29:27] [ERROR  ] No se encontraron archivos .tar.gz en /home/usuario1linux/backup-prueba
[ ] [       ] 
